INFO 2025-11-15 11:28:23,106 autoreload 22008 131927381540992 Watching for file changes with StatReloader
INFO 2025-11-15 11:29:25,036 autoreload 22317 138140778336384 Watching for file changes with StatReloader
INFO 2025-11-15 11:32:08,033 autoreload 23103 124380201132160 Watching for file changes with StatReloader
INFO 2025-11-15 11:41:18,630 autoreload 24986 127178921713792 Watching for file changes with StatReloader
INFO 2025-11-15 12:42:06,574 autoreload 24986 127178921713792 /home/taskbuddy/taskbuddy/config/settings/base.py changed, reloading.
INFO 2025-11-15 12:42:07,710 autoreload 36669 134471468109952 Watching for file changes with StatReloader
INFO 2025-11-15 12:42:14,204 autoreload 36669 134471468109952 /home/taskbuddy/taskbuddy/config/settings/base.py changed, reloading.
INFO 2025-11-15 12:42:48,726 autoreload 36952 126772575461504 Watching for file changes with StatReloader
INFO 2025-11-15 12:43:08,063 autoreload 36952 126772575461504 /home/taskbuddy/taskbuddy/config/settings/base.py changed, reloading.
INFO 2025-11-15 12:43:06,459 autoreload 37067 135885650305152 Watching for file changes with StatReloader
INFO 2025-11-15 12:44:09,959 autoreload 37434 133573024391296 Watching for file changes with StatReloader
INFO 2025-11-15 12:47:25,061 autoreload 37434 133573024391296 /home/taskbuddy/taskbuddy/config/settings/base.py changed, reloading.
INFO 2025-11-15 12:47:25,505 autoreload 38105 127944262414464 Watching for file changes with StatReloader
INFO 2025-11-15 12:47:31,925 autoreload 38105 127944262414464 /home/taskbuddy/taskbuddy/config/settings/base.py changed, reloading.
INFO 2025-11-15 12:47:32,328 autoreload 38166 123432755044480 Watching for file changes with StatReloader
INFO 2025-11-15 12:47:37,849 autoreload 38224 131562814296192 Watching for file changes with StatReloader
INFO 2025-11-15 12:59:29,972 autoreload 38224 131562814296192 /home/taskbuddy/taskbuddy/config/settings/base.py changed, reloading.
INFO 2025-11-15 12:59:41,355 autoreload 40635 126986996490368 Watching for file changes with StatReloader
INFO 2025-11-15 13:00:33,019 autoreload 41017 135805341425792 Watching for file changes with StatReloader
INFO 2025-11-15 13:00:39,362 autoreload 41116 127990362382464 Watching for file changes with StatReloader
INFO 2025-11-15 13:01:26,282 autoreload 41456 129463487463552 Watching for file changes with StatReloader
INFO 2025-11-15 13:01:54,376 autoreload 41624 132025467613312 Watching for file changes with StatReloader
INFO 2025-11-15 13:07:13,548 autoreload 43060 130573131591808 Watching for file changes with StatReloader
INFO 2025-11-15 13:52:22,778 autoreload 43060 130573131591808 /home/taskbuddy/taskbuddy/config/settings/base.py changed, reloading.
INFO 2025-11-15 13:52:24,180 autoreload 59715 129351650615424 Watching for file changes with StatReloader
INFO 2025-11-15 13:52:48,130 autoreload 59715 129351650615424 /home/taskbuddy/taskbuddy/config/settings/base.py changed, reloading.
INFO 2025-11-15 13:52:48,620 autoreload 59932 125184205844608 Watching for file changes with StatReloader
INFO 2025-11-15 13:53:25,718 autoreload 59932 125184205844608 /home/taskbuddy/taskbuddy/config/settings/base.py changed, reloading.
INFO 2025-11-15 13:53:26,714 autoreload 60220 133537523200128 Watching for file changes with StatReloader
INFO 2025-11-15 19:59:12,252 autoreload 60220 133537523200128 /home/taskbuddy/taskbuddy/config/celery.py changed, reloading.
INFO 2025-11-15 19:59:13,740 autoreload 102272 124363716501632 Watching for file changes with StatReloader
INFO 2025-11-15 19:59:30,982 autoreload 102431 133746218270848 Watching for file changes with StatReloader
INFO 2025-11-15 19:59:43,330 autoreload 102431 133746218270848 /home/taskbuddy/taskbuddy/apps/users/views.py changed, reloading.
INFO 2025-11-15 19:59:43,897 autoreload 102560 138083834216576 Watching for file changes with StatReloader
INFO 2025-11-15 19:59:58,269 autoreload 102560 138083834216576 /home/taskbuddy/taskbuddy/apps/users/views.py changed, reloading.
INFO 2025-11-15 19:59:58,822 autoreload 102708 131731766513792 Watching for file changes with StatReloader
INFO 2025-11-16 08:58:57,546 autoreload 8833 124234330738816 Watching for file changes with StatReloader
INFO 2025-11-16 12:54:50,518 autoreload 96622 132272593031296 Watching for file changes with StatReloader
INFO 2025-11-16 13:07:40,809 autoreload 96622 132272593031296 /home/taskbuddy/taskbuddy/apps/users/views.py changed, reloading.
INFO 2025-11-16 13:07:42,295 autoreload 101258 137696692678784 Watching for file changes with StatReloader
INFO 2025-11-16 13:07:45,585 autoreload 101258 137696692678784 /home/taskbuddy/taskbuddy/apps/users/views.py changed, reloading.
INFO 2025-11-16 13:07:46,321 autoreload 101306 138740916043904 Watching for file changes with StatReloader
INFO 2025-11-16 13:07:49,552 autoreload 101306 138740916043904 /home/taskbuddy/taskbuddy/apps/users/views.py changed, reloading.
INFO 2025-11-16 13:07:50,164 autoreload 101354 126219931320448 Watching for file changes with StatReloader
INFO 2025-11-16 13:07:56,436 autoreload 101354 126219931320448 /home/taskbuddy/taskbuddy/apps/users/views.py changed, reloading.
INFO 2025-11-16 13:07:57,060 autoreload 101414 129740376469632 Watching for file changes with StatReloader
INFO 2025-11-16 13:46:45,425 autoreload 101414 129740376469632 /home/taskbuddy/taskbuddy/apps/users/views.py changed, reloading.
INFO 2025-11-16 13:46:46,471 autoreload 115459 134032354656384 Watching for file changes with StatReloader
INFO 2025-11-16 13:46:56,974 autoreload 115459 134032354656384 /home/taskbuddy/taskbuddy/apps/users/views.py changed, reloading.
INFO 2025-11-16 13:46:57,490 autoreload 115561 126808932003968 Watching for file changes with StatReloader
INFO 2025-11-16 14:47:55,261 autoreload 115561 126808932003968 /home/taskbuddy/taskbuddy/apps/users/views.py changed, reloading.
INFO 2025-11-16 14:47:56,398 autoreload 137683 126396764975232 Watching for file changes with StatReloader
INFO 2025-11-16 14:47:58,686 autoreload 137683 126396764975232 /home/taskbuddy/taskbuddy/apps/users/views.py changed, reloading.
INFO 2025-11-16 14:47:59,214 autoreload 137728 128915044315264 Watching for file changes with StatReloader
INFO 2025-11-16 14:52:54,311 autoreload 137728 128915044315264 /home/taskbuddy/taskbuddy/apps/users/views.py changed, reloading.
INFO 2025-11-16 14:52:55,397 autoreload 139558 131748107718784 Watching for file changes with StatReloader
INFO 2025-11-16 15:07:38,022 autoreload 145064 129632044888192 Watching for file changes with StatReloader
INFO 2025-11-16 15:08:36,583 autoreload 145064 129632044888192 /home/taskbuddy/taskbuddy/apps/users/views.py changed, reloading.
INFO 2025-11-16 15:08:37,670 autoreload 145470 136202192691328 Watching for file changes with StatReloader
INFO 2025-11-16 15:08:41,935 autoreload 145470 136202192691328 /home/taskbuddy/taskbuddy/apps/users/views.py changed, reloading.
INFO 2025-11-16 15:08:42,497 autoreload 145530 130323889328256 Watching for file changes with StatReloader
INFO 2025-11-16 15:09:01,336 autoreload 145530 130323889328256 /home/taskbuddy/taskbuddy/apps/users/views.py changed, reloading.
INFO 2025-11-16 15:09:01,871 autoreload 145689 129865359229056 Watching for file changes with StatReloader
INFO 2025-11-16 15:09:03,048 autoreload 145689 129865359229056 /home/taskbuddy/taskbuddy/apps/users/views.py changed, reloading.
INFO 2025-11-16 15:09:03,572 autoreload 145714 123408626794624 Watching for file changes with StatReloader
INFO 2025-11-16 15:09:06,788 autoreload 145714 123408626794624 /home/taskbuddy/taskbuddy/apps/users/views.py changed, reloading.
INFO 2025-11-16 15:09:05,606 autoreload 145750 125692205990016 Watching for file changes with StatReloader
INFO 2025-11-16 15:09:06,781 autoreload 145750 125692205990016 /home/taskbuddy/taskbuddy/apps/users/views.py changed, reloading.
INFO 2025-11-16 15:09:07,314 autoreload 145782 137141712019584 Watching for file changes with StatReloader
INFO 2025-11-16 15:09:25,144 autoreload 145782 137141712019584 /home/taskbuddy/taskbuddy/apps/users/views.py changed, reloading.
INFO 2025-11-16 15:09:25,680 autoreload 145913 129927720779904 Watching for file changes with StatReloader
INFO 2025-11-16 15:52:01,283 autoreload 162496 137510466404480 Watching for file changes with StatReloader
INFO 2025-11-16 16:02:32,951 autoreload 167580 127054317994112 Watching for file changes with StatReloader
INFO 2025-11-18 15:28:23,384 autoreload 1949 134736170807424 Watching for file changes with StatReloader
INFO 2025-12-25 13:22:09,628 autoreload 286218 134736586498048 Watching for file changes with StatReloader
INFO 2025-12-25 13:39:31,099 autoreload 291856 136041003589632 Watching for file changes with StatReloader
INFO 2025-12-25 14:00:24,518 autoreload 298548 136341078790144 Watching for file changes with StatReloader
INFO 2025-12-25 14:15:07,915 autoreload 298548 136341078790144 /home/mohit/code/taskbuddy/apps/users/urls.py changed, reloading.
INFO 2025-12-25 14:15:08,315 autoreload 303270 130947261415424 Watching for file changes with StatReloader
INFO 2025-12-25 14:21:54,603 autoreload 303270 130947261415424 /home/mohit/code/taskbuddy/apps/users/urls.py changed, reloading.
INFO 2025-12-25 14:21:54,960 autoreload 305511 130307579105280 Watching for file changes with StatReloader
INFO 2025-12-25 14:22:18,453 autoreload 305511 130307579105280 /home/mohit/code/taskbuddy/apps/services/views.py changed, reloading.
INFO 2025-12-25 14:22:18,823 autoreload 305700 137778098872320 Watching for file changes with StatReloader
INFO 2025-12-25 14:49:20,018 autoreload 305700 137778098872320 /home/mohit/code/taskbuddy/apps/services/views.py changed, reloading.
INFO 2025-12-25 14:49:20,390 autoreload 315366 124002389385216 Watching for file changes with StatReloader
INFO 2025-12-25 14:49:53,058 autoreload 315366 124002389385216 /home/mohit/code/taskbuddy/apps/services/views.py changed, reloading.
INFO 2025-12-25 14:49:53,424 autoreload 315607 125463817678848 Watching for file changes with StatReloader
INFO 2025-12-25 14:53:41,158 autoreload 315607 125463817678848 /home/mohit/code/taskbuddy/apps/users/urls.py changed, reloading.
INFO 2025-12-25 14:53:41,581 autoreload 316888 131591415132160 Watching for file changes with StatReloader
INFO 2025-12-25 14:53:56,928 autoreload 316888 131591415132160 /home/mohit/code/taskbuddy/apps/users/views.py changed, reloading.
INFO 2025-12-25 14:53:57,358 autoreload 317028 132773601480704 Watching for file changes with StatReloader
INFO 2025-12-25 14:54:00,508 autoreload 317028 132773601480704 /home/mohit/code/taskbuddy/apps/users/views.py changed, reloading.
INFO 2025-12-25 14:54:00,878 autoreload 317078 140371012513792 Watching for file changes with StatReloader
INFO 2025-12-25 14:54:04,056 autoreload 317078 140371012513792 /home/mohit/code/taskbuddy/apps/users/urls.py changed, reloading.
INFO 2025-12-25 14:54:04,433 autoreload 317120 131587252125696 Watching for file changes with StatReloader
INFO 2025-12-25 14:54:28,217 autoreload 317348 138114230296576 Watching for file changes with StatReloader
INFO 2025-12-25 14:54:59,102 autoreload 317571 139900263043072 Watching for file changes with StatReloader
INFO 2025-12-25 14:55:07,061 autoreload 317676 123389797507072 Watching for file changes with StatReloader
